2025-08-09 03:43:26 UTC [1]: [3-1] user=,db=,app=,client= LOG:  starting PostgreSQL 17.5 (Debian 17.5-1.pgdg120+1) on aarch64-unknown-linux-gnu, compiled by gcc (Debian 12.2.0-14) 12.2.0, 64-bit
2025-08-09 03:43:26 UTC [1]: [4-1] user=,db=,app=,client= LOG:  listening on IPv4 address "0.0.0.0", port 5432
2025-08-09 03:43:26 UTC [1]: [5-1] user=,db=,app=,client= LOG:  listening on IPv6 address "::", port 5432
2025-08-09 03:43:26 UTC [1]: [6-1] user=,db=,app=,client= LOG:  listening on Unix socket "/var/run/postgresql/.s.PGSQL.5432"
2025-08-09 03:43:26 UTC [71]: [1-1] user=,db=,app=,client= LOG:  database system was shut down at 2025-08-09 03:43:26 UTC
2025-08-09 03:43:26 UTC [1]: [7-1] user=,db=,app=,client= LOG:  database system is ready to accept connections
2025-08-09 03:43:27 UTC [83]: [1-1] user=[unknown],db=[unknown],app=[unknown],client=[local] LOG:  connection received: host=[local]
2025-08-09 03:43:27 UTC [83]: [2-1] user=postgres,db=postgres,app=[unknown],client=[local] LOG:  connection authenticated: user="postgres" method=trust (/var/lib/postgresql/data/pg_hba.conf:117)
2025-08-09 03:43:27 UTC [83]: [3-1] user=postgres,db=postgres,app=[unknown],client=[local] LOG:  connection authorized: user=postgres database=postgres application_name=pg_isready
2025-08-09 03:43:57 UTC [104]: [1-1] user=[unknown],db=[unknown],app=[unknown],client=[local] LOG:  connection received: host=[local]
2025-08-09 03:43:57 UTC [104]: [2-1] user=postgres,db=postgres,app=[unknown],client=[local] LOG:  connection authenticated: user="postgres" method=trust (/var/lib/postgresql/data/pg_hba.conf:117)
2025-08-09 03:43:57 UTC [104]: [3-1] user=postgres,db=postgres,app=[unknown],client=[local] LOG:  connection authorized: user=postgres database=postgres application_name=pg_isready
2025-08-09 03:44:12 UTC [109]: [1-1] user=[unknown],db=[unknown],app=[unknown],client=[local] LOG:  connection received: host=[local]
2025-08-09 03:44:12 UTC [109]: [2-1] user=postgres,db=pgday,app=[unknown],client=[local] LOG:  connection authenticated: user="postgres" method=trust (/var/lib/postgresql/data/pg_hba.conf:117)
2025-08-09 03:44:12 UTC [109]: [3-1] user=postgres,db=pgday,app=[unknown],client=[local] LOG:  connection authorized: user=postgres database=pgday application_name=pgcli
2025-08-09 03:44:12 UTC [111]: [1-1] user=[unknown],db=[unknown],app=[unknown],client=[local] LOG:  connection received: host=[local]
2025-08-09 03:44:12 UTC [111]: [2-1] user=postgres,db=pgday,app=[unknown],client=[local] LOG:  connection authenticated: user="postgres" method=trust (/var/lib/postgresql/data/pg_hba.conf:117)
2025-08-09 03:44:12 UTC [111]: [3-1] user=postgres,db=pgday,app=[unknown],client=[local] LOG:  connection authorized: user=postgres database=pgday application_name=pgcli
2025-08-09 03:44:27 UTC [128]: [1-1] user=[unknown],db=[unknown],app=[unknown],client=[local] LOG:  connection received: host=[local]
2025-08-09 03:44:27 UTC [128]: [2-1] user=postgres,db=postgres,app=[unknown],client=[local] LOG:  connection authenticated: user="postgres" method=trust (/var/lib/postgresql/data/pg_hba.conf:117)
2025-08-09 03:44:27 UTC [128]: [3-1] user=postgres,db=postgres,app=[unknown],client=[local] LOG:  connection authorized: user=postgres database=postgres application_name=pg_isready
2025-08-09 03:44:57 UTC [137]: [1-1] user=[unknown],db=[unknown],app=[unknown],client=[local] LOG:  connection received: host=[local]
2025-08-09 03:44:57 UTC [137]: [2-1] user=postgres,db=postgres,app=[unknown],client=[local] LOG:  connection authenticated: user="postgres" method=trust (/var/lib/postgresql/data/pg_hba.conf:117)
2025-08-09 03:44:57 UTC [137]: [3-1] user=postgres,db=postgres,app=[unknown],client=[local] LOG:  connection authorized: user=postgres database=postgres application_name=pg_isready
2025-08-09 03:45:27 UTC [147]: [1-1] user=[unknown],db=[unknown],app=[unknown],client=[local] LOG:  connection received: host=[local]
2025-08-09 03:45:27 UTC [147]: [2-1] user=postgres,db=postgres,app=[unknown],client=[local] LOG:  connection authenticated: user="postgres" method=trust (/var/lib/postgresql/data/pg_hba.conf:117)
2025-08-09 03:45:27 UTC [147]: [3-1] user=postgres,db=postgres,app=[unknown],client=[local] LOG:  connection authorized: user=postgres database=postgres application_name=pg_isready
2025-08-09 03:45:57 UTC [159]: [1-1] user=[unknown],db=[unknown],app=[unknown],client=[local] LOG:  connection received: host=[local]
2025-08-09 03:45:57 UTC [159]: [2-1] user=postgres,db=postgres,app=[unknown],client=[local] LOG:  connection authenticated: user="postgres" method=trust (/var/lib/postgresql/data/pg_hba.conf:117)
2025-08-09 03:45:57 UTC [159]: [3-1] user=postgres,db=postgres,app=[unknown],client=[local] LOG:  connection authorized: user=postgres database=postgres application_name=pg_isready
2025-08-09 03:46:27 UTC [169]: [1-1] user=[unknown],db=[unknown],app=[unknown],client=[local] LOG:  connection received: host=[local]
2025-08-09 03:46:27 UTC [169]: [2-1] user=postgres,db=postgres,app=[unknown],client=[local] LOG:  connection authenticated: user="postgres" method=trust (/var/lib/postgresql/data/pg_hba.conf:117)
2025-08-09 03:46:27 UTC [169]: [3-1] user=postgres,db=postgres,app=[unknown],client=[local] LOG:  connection authorized: user=postgres database=postgres application_name=pg_isready
2025-08-09 03:46:58 UTC [178]: [1-1] user=[unknown],db=[unknown],app=[unknown],client=[local] LOG:  connection received: host=[local]
2025-08-09 03:46:58 UTC [178]: [2-1] user=postgres,db=postgres,app=[unknown],client=[local] LOG:  connection authenticated: user="postgres" method=trust (/var/lib/postgresql/data/pg_hba.conf:117)
2025-08-09 03:46:58 UTC [178]: [3-1] user=postgres,db=postgres,app=[unknown],client=[local] LOG:  connection authorized: user=postgres database=postgres application_name=pg_isready
2025-08-09 03:47:28 UTC [188]: [1-1] user=[unknown],db=[unknown],app=[unknown],client=[local] LOG:  connection received: host=[local]
2025-08-09 03:47:28 UTC [188]: [2-1] user=postgres,db=postgres,app=[unknown],client=[local] LOG:  connection authenticated: user="postgres" method=trust (/var/lib/postgresql/data/pg_hba.conf:117)
2025-08-09 03:47:28 UTC [188]: [3-1] user=postgres,db=postgres,app=[unknown],client=[local] LOG:  connection authorized: user=postgres database=postgres application_name=pg_isready
2025-08-09 03:47:58 UTC [197]: [1-1] user=[unknown],db=[unknown],app=[unknown],client=[local] LOG:  connection received: host=[local]
2025-08-09 03:47:58 UTC [197]: [2-1] user=postgres,db=postgres,app=[unknown],client=[local] LOG:  connection authenticated: user="postgres" method=trust (/var/lib/postgresql/data/pg_hba.conf:117)
2025-08-09 03:47:58 UTC [197]: [3-1] user=postgres,db=postgres,app=[unknown],client=[local] LOG:  connection authorized: user=postgres database=postgres application_name=pg_isready
2025-08-09 03:48:26 UTC [69]: [1-1] user=,db=,app=,client= LOG:  checkpoint starting: time
2025-08-09 03:48:28 UTC [207]: [1-1] user=[unknown],db=[unknown],app=[unknown],client=[local] LOG:  connection received: host=[local]
2025-08-09 03:48:28 UTC [207]: [2-1] user=postgres,db=postgres,app=[unknown],client=[local] LOG:  connection authenticated: user="postgres" method=trust (/var/lib/postgresql/data/pg_hba.conf:117)
2025-08-09 03:48:28 UTC [207]: [3-1] user=postgres,db=postgres,app=[unknown],client=[local] LOG:  connection authorized: user=postgres database=postgres application_name=pg_isready
2025-08-09 03:48:49 UTC [69]: [2-1] user=,db=,app=,client= LOG:  checkpoint complete: wrote 222 buffers (1.4%); 0 WAL file(s) added, 0 removed, 0 recycled; write=23.182 s, sync=0.018 s, total=23.233 s; sync files=39, longest=0.005 s, average=0.001 s; distance=863 kB, estimate=863 kB; lsn=0/20D7F10, redo lsn=0/20D7E80
2025-08-09 03:48:58 UTC [216]: [1-1] user=[unknown],db=[unknown],app=[unknown],client=[local] LOG:  connection received: host=[local]
2025-08-09 03:48:58 UTC [216]: [2-1] user=postgres,db=postgres,app=[unknown],client=[local] LOG:  connection authenticated: user="postgres" method=trust (/var/lib/postgresql/data/pg_hba.conf:117)
2025-08-09 03:48:58 UTC [216]: [3-1] user=postgres,db=postgres,app=[unknown],client=[local] LOG:  connection authorized: user=postgres database=postgres application_name=pg_isready
2025-08-09 03:49:28 UTC [226]: [1-1] user=[unknown],db=[unknown],app=[unknown],client=[local] LOG:  connection received: host=[local]
2025-08-09 03:49:28 UTC [226]: [2-1] user=postgres,db=postgres,app=[unknown],client=[local] LOG:  connection authenticated: user="postgres" method=trust (/var/lib/postgresql/data/pg_hba.conf:117)
2025-08-09 03:49:28 UTC [226]: [3-1] user=postgres,db=postgres,app=[unknown],client=[local] LOG:  connection authorized: user=postgres database=postgres application_name=pg_isready
2025-08-09 03:49:58 UTC [235]: [1-1] user=[unknown],db=[unknown],app=[unknown],client=[local] LOG:  connection received: host=[local]
2025-08-09 03:49:58 UTC [235]: [2-1] user=postgres,db=postgres,app=[unknown],client=[local] LOG:  connection authenticated: user="postgres" method=trust (/var/lib/postgresql/data/pg_hba.conf:117)
2025-08-09 03:49:58 UTC [235]: [3-1] user=postgres,db=postgres,app=[unknown],client=[local] LOG:  connection authorized: user=postgres database=postgres application_name=pg_isready
2025-08-09 03:50:28 UTC [245]: [1-1] user=[unknown],db=[unknown],app=[unknown],client=[local] LOG:  connection received: host=[local]
2025-08-09 03:50:28 UTC [245]: [2-1] user=postgres,db=postgres,app=[unknown],client=[local] LOG:  connection authenticated: user="postgres" method=trust (/var/lib/postgresql/data/pg_hba.conf:117)
2025-08-09 03:50:28 UTC [245]: [3-1] user=postgres,db=postgres,app=[unknown],client=[local] LOG:  connection authorized: user=postgres database=postgres application_name=pg_isready
2025-08-09 03:50:58 UTC [254]: [1-1] user=[unknown],db=[unknown],app=[unknown],client=[local] LOG:  connection received: host=[local]
2025-08-09 03:50:58 UTC [254]: [2-1] user=postgres,db=postgres,app=[unknown],client=[local] LOG:  connection authenticated: user="postgres" method=trust (/var/lib/postgresql/data/pg_hba.conf:117)
2025-08-09 03:50:58 UTC [254]: [3-1] user=postgres,db=postgres,app=[unknown],client=[local] LOG:  connection authorized: user=postgres database=postgres application_name=pg_isready
2025-08-09 03:51:29 UTC [264]: [1-1] user=[unknown],db=[unknown],app=[unknown],client=[local] LOG:  connection received: host=[local]
2025-08-09 03:51:29 UTC [264]: [2-1] user=postgres,db=postgres,app=[unknown],client=[local] LOG:  connection authenticated: user="postgres" method=trust (/var/lib/postgresql/data/pg_hba.conf:117)
2025-08-09 03:51:29 UTC [264]: [3-1] user=postgres,db=postgres,app=[unknown],client=[local] LOG:  connection authorized: user=postgres database=postgres application_name=pg_isready
2025-08-09 03:51:59 UTC [273]: [1-1] user=[unknown],db=[unknown],app=[unknown],client=[local] LOG:  connection received: host=[local]
2025-08-09 03:51:59 UTC [273]: [2-1] user=postgres,db=postgres,app=[unknown],client=[local] LOG:  connection authenticated: user="postgres" method=trust (/var/lib/postgresql/data/pg_hba.conf:117)
2025-08-09 03:51:59 UTC [273]: [3-1] user=postgres,db=postgres,app=[unknown],client=[local] LOG:  connection authorized: user=postgres database=postgres application_name=pg_isready
2025-08-09 03:52:29 UTC [283]: [1-1] user=[unknown],db=[unknown],app=[unknown],client=[local] LOG:  connection received: host=[local]
2025-08-09 03:52:29 UTC [283]: [2-1] user=postgres,db=postgres,app=[unknown],client=[local] LOG:  connection authenticated: user="postgres" method=trust (/var/lib/postgresql/data/pg_hba.conf:117)
2025-08-09 03:52:29 UTC [283]: [3-1] user=postgres,db=postgres,app=[unknown],client=[local] LOG:  connection authorized: user=postgres database=postgres application_name=pg_isready
2025-08-09 03:52:59 UTC [292]: [1-1] user=[unknown],db=[unknown],app=[unknown],client=[local] LOG:  connection received: host=[local]
2025-08-09 03:52:59 UTC [292]: [2-1] user=postgres,db=postgres,app=[unknown],client=[local] LOG:  connection authenticated: user="postgres" method=trust (/var/lib/postgresql/data/pg_hba.conf:117)
2025-08-09 03:52:59 UTC [292]: [3-1] user=postgres,db=postgres,app=[unknown],client=[local] LOG:  connection authorized: user=postgres database=postgres application_name=pg_isready
2025-08-09 03:53:29 UTC [302]: [1-1] user=[unknown],db=[unknown],app=[unknown],client=[local] LOG:  connection received: host=[local]
2025-08-09 03:53:29 UTC [302]: [2-1] user=postgres,db=postgres,app=[unknown],client=[local] LOG:  connection authenticated: user="postgres" method=trust (/var/lib/postgresql/data/pg_hba.conf:117)
2025-08-09 03:53:29 UTC [302]: [3-1] user=postgres,db=postgres,app=[unknown],client=[local] LOG:  connection authorized: user=postgres database=postgres application_name=pg_isready
2025-08-09 03:53:59 UTC [311]: [1-1] user=[unknown],db=[unknown],app=[unknown],client=[local] LOG:  connection received: host=[local]
2025-08-09 03:53:59 UTC [311]: [2-1] user=postgres,db=postgres,app=[unknown],client=[local] LOG:  connection authenticated: user="postgres" method=trust (/var/lib/postgresql/data/pg_hba.conf:117)
2025-08-09 03:53:59 UTC [311]: [3-1] user=postgres,db=postgres,app=[unknown],client=[local] LOG:  connection authorized: user=postgres database=postgres application_name=pg_isready
2025-08-09 03:54:29 UTC [321]: [1-1] user=[unknown],db=[unknown],app=[unknown],client=[local] LOG:  connection received: host=[local]
2025-08-09 03:54:29 UTC [321]: [2-1] user=postgres,db=postgres,app=[unknown],client=[local] LOG:  connection authenticated: user="postgres" method=trust (/var/lib/postgresql/data/pg_hba.conf:117)
2025-08-09 03:54:29 UTC [321]: [3-1] user=postgres,db=postgres,app=[unknown],client=[local] LOG:  connection authorized: user=postgres database=postgres application_name=pg_isready
2025-08-09 03:54:59 UTC [330]: [1-1] user=[unknown],db=[unknown],app=[unknown],client=[local] LOG:  connection received: host=[local]
2025-08-09 03:54:59 UTC [330]: [2-1] user=postgres,db=postgres,app=[unknown],client=[local] LOG:  connection authenticated: user="postgres" method=trust (/var/lib/postgresql/data/pg_hba.conf:117)
2025-08-09 03:54:59 UTC [330]: [3-1] user=postgres,db=postgres,app=[unknown],client=[local] LOG:  connection authorized: user=postgres database=postgres application_name=pg_isready
2025-08-09 03:55:29 UTC [340]: [1-1] user=[unknown],db=[unknown],app=[unknown],client=[local] LOG:  connection received: host=[local]
2025-08-09 03:55:29 UTC [340]: [2-1] user=postgres,db=postgres,app=[unknown],client=[local] LOG:  connection authenticated: user="postgres" method=trust (/var/lib/postgresql/data/pg_hba.conf:117)
2025-08-09 03:55:29 UTC [340]: [3-1] user=postgres,db=postgres,app=[unknown],client=[local] LOG:  connection authorized: user=postgres database=postgres application_name=pg_isready
2025-08-09 03:55:59 UTC [349]: [1-1] user=[unknown],db=[unknown],app=[unknown],client=[local] LOG:  connection received: host=[local]
2025-08-09 03:55:59 UTC [349]: [2-1] user=postgres,db=postgres,app=[unknown],client=[local] LOG:  connection authenticated: user="postgres" method=trust (/var/lib/postgresql/data/pg_hba.conf:117)
2025-08-09 03:55:59 UTC [349]: [3-1] user=postgres,db=postgres,app=[unknown],client=[local] LOG:  connection authorized: user=postgres database=postgres application_name=pg_isready
2025-08-09 03:56:30 UTC [359]: [1-1] user=[unknown],db=[unknown],app=[unknown],client=[local] LOG:  connection received: host=[local]
2025-08-09 03:56:30 UTC [359]: [2-1] user=postgres,db=postgres,app=[unknown],client=[local] LOG:  connection authenticated: user="postgres" method=trust (/var/lib/postgresql/data/pg_hba.conf:117)
2025-08-09 03:56:30 UTC [359]: [3-1] user=postgres,db=postgres,app=[unknown],client=[local] LOG:  connection authorized: user=postgres database=postgres application_name=pg_isready
2025-08-09 03:57:00 UTC [368]: [1-1] user=[unknown],db=[unknown],app=[unknown],client=[local] LOG:  connection received: host=[local]
2025-08-09 03:57:00 UTC [368]: [2-1] user=postgres,db=postgres,app=[unknown],client=[local] LOG:  connection authenticated: user="postgres" method=trust (/var/lib/postgresql/data/pg_hba.conf:117)
2025-08-09 03:57:00 UTC [368]: [3-1] user=postgres,db=postgres,app=[unknown],client=[local] LOG:  connection authorized: user=postgres database=postgres application_name=pg_isready
2025-08-09 03:57:30 UTC [378]: [1-1] user=[unknown],db=[unknown],app=[unknown],client=[local] LOG:  connection received: host=[local]
2025-08-09 03:57:30 UTC [378]: [2-1] user=postgres,db=postgres,app=[unknown],client=[local] LOG:  connection authenticated: user="postgres" method=trust (/var/lib/postgresql/data/pg_hba.conf:117)
2025-08-09 03:57:30 UTC [378]: [3-1] user=postgres,db=postgres,app=[unknown],client=[local] LOG:  connection authorized: user=postgres database=postgres application_name=pg_isready
2025-08-09 03:58:00 UTC [387]: [1-1] user=[unknown],db=[unknown],app=[unknown],client=[local] LOG:  connection received: host=[local]
2025-08-09 03:58:00 UTC [387]: [2-1] user=postgres,db=postgres,app=[unknown],client=[local] LOG:  connection authenticated: user="postgres" method=trust (/var/lib/postgresql/data/pg_hba.conf:117)
2025-08-09 03:58:00 UTC [387]: [3-1] user=postgres,db=postgres,app=[unknown],client=[local] LOG:  connection authorized: user=postgres database=postgres application_name=pg_isready
2025-08-09 03:58:30 UTC [397]: [1-1] user=[unknown],db=[unknown],app=[unknown],client=[local] LOG:  connection received: host=[local]
2025-08-09 03:58:30 UTC [397]: [2-1] user=postgres,db=postgres,app=[unknown],client=[local] LOG:  connection authenticated: user="postgres" method=trust (/var/lib/postgresql/data/pg_hba.conf:117)
2025-08-09 03:58:30 UTC [397]: [3-1] user=postgres,db=postgres,app=[unknown],client=[local] LOG:  connection authorized: user=postgres database=postgres application_name=pg_isready
2025-08-09 03:59:00 UTC [406]: [1-1] user=[unknown],db=[unknown],app=[unknown],client=[local] LOG:  connection received: host=[local]
2025-08-09 03:59:00 UTC [406]: [2-1] user=postgres,db=postgres,app=[unknown],client=[local] LOG:  connection authenticated: user="postgres" method=trust (/var/lib/postgresql/data/pg_hba.conf:117)
2025-08-09 03:59:00 UTC [406]: [3-1] user=postgres,db=postgres,app=[unknown],client=[local] LOG:  connection authorized: user=postgres database=postgres application_name=pg_isready
2025-08-09 03:59:30 UTC [416]: [1-1] user=[unknown],db=[unknown],app=[unknown],client=[local] LOG:  connection received: host=[local]
2025-08-09 03:59:30 UTC [416]: [2-1] user=postgres,db=postgres,app=[unknown],client=[local] LOG:  connection authenticated: user="postgres" method=trust (/var/lib/postgresql/data/pg_hba.conf:117)
2025-08-09 03:59:30 UTC [416]: [3-1] user=postgres,db=postgres,app=[unknown],client=[local] LOG:  connection authorized: user=postgres database=postgres application_name=pg_isready
2025-08-09 04:00:00 UTC [425]: [1-1] user=[unknown],db=[unknown],app=[unknown],client=[local] LOG:  connection received: host=[local]
2025-08-09 04:00:00 UTC [425]: [2-1] user=postgres,db=postgres,app=[unknown],client=[local] LOG:  connection authenticated: user="postgres" method=trust (/var/lib/postgresql/data/pg_hba.conf:117)
2025-08-09 04:00:00 UTC [425]: [3-1] user=postgres,db=postgres,app=[unknown],client=[local] LOG:  connection authorized: user=postgres database=postgres application_name=pg_isready
2025-08-09 04:18:12 UTC [435]: [1-1] user=[unknown],db=[unknown],app=[unknown],client=[local] LOG:  connection received: host=[local]
2025-08-09 04:18:12 UTC [435]: [2-1] user=postgres,db=postgres,app=[unknown],client=[local] LOG:  connection authenticated: user="postgres" method=trust (/var/lib/postgresql/data/pg_hba.conf:117)
2025-08-09 04:18:12 UTC [435]: [3-1] user=postgres,db=postgres,app=[unknown],client=[local] LOG:  connection authorized: user=postgres database=postgres application_name=pg_isready
2025-08-09 05:08:58 UTC [444]: [1-1] user=[unknown],db=[unknown],app=[unknown],client=[local] LOG:  connection received: host=[local]
2025-08-09 05:08:58 UTC [444]: [2-1] user=postgres,db=postgres,app=[unknown],client=[local] LOG:  connection authenticated: user="postgres" method=trust (/var/lib/postgresql/data/pg_hba.conf:117)
2025-08-09 05:08:58 UTC [444]: [3-1] user=postgres,db=postgres,app=[unknown],client=[local] LOG:  connection authorized: user=postgres database=postgres application_name=pg_isready
2025-08-09 05:56:22 UTC [453]: [1-1] user=[unknown],db=[unknown],app=[unknown],client=[local] LOG:  connection received: host=[local]
2025-08-09 05:56:22 UTC [453]: [2-1] user=postgres,db=postgres,app=[unknown],client=[local] LOG:  connection authenticated: user="postgres" method=trust (/var/lib/postgresql/data/pg_hba.conf:117)
2025-08-09 05:56:22 UTC [453]: [3-1] user=postgres,db=postgres,app=[unknown],client=[local] LOG:  connection authorized: user=postgres database=postgres application_name=pg_isready
2025-08-09 06:01:19 UTC [462]: [1-1] user=[unknown],db=[unknown],app=[unknown],client=[local] LOG:  connection received: host=[local]
2025-08-09 06:01:19 UTC [462]: [2-1] user=postgres,db=postgres,app=[unknown],client=[local] LOG:  connection authenticated: user="postgres" method=trust (/var/lib/postgresql/data/pg_hba.conf:117)
2025-08-09 06:01:19 UTC [462]: [3-1] user=postgres,db=postgres,app=[unknown],client=[local] LOG:  connection authorized: user=postgres database=postgres application_name=pg_isready
2025-08-09 06:33:15 UTC [472]: [1-1] user=[unknown],db=[unknown],app=[unknown],client=[local] LOG:  connection received: host=[local]
2025-08-09 06:33:15 UTC [472]: [2-1] user=postgres,db=postgres,app=[unknown],client=[local] LOG:  connection authenticated: user="postgres" method=trust (/var/lib/postgresql/data/pg_hba.conf:117)
2025-08-09 06:33:15 UTC [472]: [3-1] user=postgres,db=postgres,app=[unknown],client=[local] LOG:  connection authorized: user=postgres database=postgres application_name=pg_isready
2025-08-09 07:02:00 UTC [482]: [1-1] user=[unknown],db=[unknown],app=[unknown],client=[local] LOG:  connection received: host=[local]
2025-08-09 07:02:00 UTC [482]: [2-1] user=postgres,db=postgres,app=[unknown],client=[local] LOG:  connection authenticated: user="postgres" method=trust (/var/lib/postgresql/data/pg_hba.conf:117)
2025-08-09 07:02:00 UTC [482]: [3-1] user=postgres,db=postgres,app=[unknown],client=[local] LOG:  connection authorized: user=postgres database=postgres application_name=pg_isready
2025-08-09 07:48:52 UTC [492]: [1-1] user=[unknown],db=[unknown],app=[unknown],client=[local] LOG:  connection received: host=[local]
2025-08-09 07:48:52 UTC [492]: [2-1] user=postgres,db=postgres,app=[unknown],client=[local] LOG:  connection authenticated: user="postgres" method=trust (/var/lib/postgresql/data/pg_hba.conf:117)
2025-08-09 07:48:52 UTC [492]: [3-1] user=postgres,db=postgres,app=[unknown],client=[local] LOG:  connection authorized: user=postgres database=postgres application_name=pg_isready
2025-08-09 08:03:05 UTC [501]: [1-1] user=[unknown],db=[unknown],app=[unknown],client=[local] LOG:  connection received: host=[local]
2025-08-09 08:03:05 UTC [501]: [2-1] user=postgres,db=postgres,app=[unknown],client=[local] LOG:  connection authenticated: user="postgres" method=trust (/var/lib/postgresql/data/pg_hba.conf:117)
2025-08-09 08:03:05 UTC [501]: [3-1] user=postgres,db=postgres,app=[unknown],client=[local] LOG:  connection authorized: user=postgres database=postgres application_name=pg_isready
2025-08-09 09:03:53 UTC [511]: [1-1] user=[unknown],db=[unknown],app=[unknown],client=[local] LOG:  connection received: host=[local]
2025-08-09 09:03:53 UTC [511]: [2-1] user=postgres,db=postgres,app=[unknown],client=[local] LOG:  connection authenticated: user="postgres" method=trust (/var/lib/postgresql/data/pg_hba.conf:117)
2025-08-09 09:03:53 UTC [511]: [3-1] user=postgres,db=postgres,app=[unknown],client=[local] LOG:  connection authorized: user=postgres database=postgres application_name=pg_isready
2025-08-09 09:38:32 UTC [520]: [1-1] user=[unknown],db=[unknown],app=[unknown],client=[local] LOG:  connection received: host=[local]
2025-08-09 09:38:32 UTC [520]: [2-1] user=postgres,db=postgres,app=[unknown],client=[local] LOG:  connection authenticated: user="postgres" method=trust (/var/lib/postgresql/data/pg_hba.conf:117)
2025-08-09 09:38:32 UTC [520]: [3-1] user=postgres,db=postgres,app=[unknown],client=[local] LOG:  connection authorized: user=postgres database=postgres application_name=pg_isready
2025-08-09 09:42:11 UTC [530]: [1-1] user=[unknown],db=[unknown],app=[unknown],client=[local] LOG:  connection received: host=[local]
2025-08-09 09:42:11 UTC [530]: [2-1] user=postgres,db=postgres,app=[unknown],client=[local] LOG:  connection authenticated: user="postgres" method=trust (/var/lib/postgresql/data/pg_hba.conf:117)
2025-08-09 09:42:11 UTC [530]: [3-1] user=postgres,db=postgres,app=[unknown],client=[local] LOG:  connection authorized: user=postgres database=postgres application_name=pg_isready
2025-08-09 10:05:05 UTC [539]: [1-1] user=[unknown],db=[unknown],app=[unknown],client=[local] LOG:  connection received: host=[local]
2025-08-09 10:05:05 UTC [539]: [2-1] user=postgres,db=postgres,app=[unknown],client=[local] LOG:  connection authenticated: user="postgres" method=trust (/var/lib/postgresql/data/pg_hba.conf:117)
2025-08-09 10:05:05 UTC [539]: [3-1] user=postgres,db=postgres,app=[unknown],client=[local] LOG:  connection authorized: user=postgres database=postgres application_name=pg_isready
2025-08-09 11:05:55 UTC [549]: [1-1] user=[unknown],db=[unknown],app=[unknown],client=[local] LOG:  connection received: host=[local]
2025-08-09 11:05:55 UTC [549]: [2-1] user=postgres,db=postgres,app=[unknown],client=[local] LOG:  connection authenticated: user="postgres" method=trust (/var/lib/postgresql/data/pg_hba.conf:117)
2025-08-09 11:05:55 UTC [549]: [3-1] user=postgres,db=postgres,app=[unknown],client=[local] LOG:  connection authorized: user=postgres database=postgres application_name=pg_isready
2025-08-09 11:55:16 UTC [558]: [1-1] user=[unknown],db=[unknown],app=[unknown],client=[local] LOG:  connection received: host=[local]
2025-08-09 11:55:16 UTC [558]: [2-1] user=postgres,db=postgres,app=[unknown],client=[local] LOG:  connection authenticated: user="postgres" method=trust (/var/lib/postgresql/data/pg_hba.conf:117)
2025-08-09 11:55:16 UTC [558]: [3-1] user=postgres,db=postgres,app=[unknown],client=[local] LOG:  connection authorized: user=postgres database=postgres application_name=pg_isready
2025-08-09 11:56:27 UTC [568]: [1-1] user=[unknown],db=[unknown],app=[unknown],client=[local] LOG:  connection received: host=[local]
2025-08-09 11:56:27 UTC [568]: [2-1] user=postgres,db=postgres,app=[unknown],client=[local] LOG:  connection authenticated: user="postgres" method=trust (/var/lib/postgresql/data/pg_hba.conf:117)
2025-08-09 11:56:27 UTC [568]: [3-1] user=postgres,db=postgres,app=[unknown],client=[local] LOG:  connection authorized: user=postgres database=postgres application_name=pg_isready
2025-08-09 11:56:57 UTC [577]: [1-1] user=[unknown],db=[unknown],app=[unknown],client=[local] LOG:  connection received: host=[local]
2025-08-09 11:56:57 UTC [577]: [2-1] user=postgres,db=postgres,app=[unknown],client=[local] LOG:  connection authenticated: user="postgres" method=trust (/var/lib/postgresql/data/pg_hba.conf:117)
2025-08-09 11:56:57 UTC [577]: [3-1] user=postgres,db=postgres,app=[unknown],client=[local] LOG:  connection authorized: user=postgres database=postgres application_name=pg_isready
2025-08-09 12:22:05 UTC [587]: [1-1] user=[unknown],db=[unknown],app=[unknown],client=[local] LOG:  connection received: host=[local]
2025-08-09 12:22:05 UTC [587]: [2-1] user=postgres,db=postgres,app=[unknown],client=[local] LOG:  connection authenticated: user="postgres" method=trust (/var/lib/postgresql/data/pg_hba.conf:117)
2025-08-09 12:22:05 UTC [587]: [3-1] user=postgres,db=postgres,app=[unknown],client=[local] LOG:  connection authorized: user=postgres database=postgres application_name=pg_isready
2025-08-09 13:07:52 UTC [596]: [1-1] user=[unknown],db=[unknown],app=[unknown],client=[local] LOG:  connection received: host=[local]
2025-08-09 13:07:52 UTC [596]: [2-1] user=postgres,db=postgres,app=[unknown],client=[local] LOG:  connection authenticated: user="postgres" method=trust (/var/lib/postgresql/data/pg_hba.conf:117)
2025-08-09 13:07:52 UTC [596]: [3-1] user=postgres,db=postgres,app=[unknown],client=[local] LOG:  connection authorized: user=postgres database=postgres application_name=pg_isready
2025-08-09 14:08:57 UTC [606]: [1-1] user=[unknown],db=[unknown],app=[unknown],client=[local] LOG:  connection received: host=[local]
2025-08-09 14:08:57 UTC [606]: [2-1] user=postgres,db=postgres,app=[unknown],client=[local] LOG:  connection authenticated: user="postgres" method=trust (/var/lib/postgresql/data/pg_hba.conf:117)
2025-08-09 14:08:57 UTC [606]: [3-1] user=postgres,db=postgres,app=[unknown],client=[local] LOG:  connection authorized: user=postgres database=postgres application_name=pg_isready
2025-08-09 15:09:55 UTC [614]: [1-1] user=[unknown],db=[unknown],app=[unknown],client=[local] LOG:  connection received: host=[local]
2025-08-09 15:09:55 UTC [614]: [2-1] user=postgres,db=postgres,app=[unknown],client=[local] LOG:  connection authenticated: user="postgres" method=trust (/var/lib/postgresql/data/pg_hba.conf:117)
2025-08-09 15:09:55 UTC [614]: [3-1] user=postgres,db=postgres,app=[unknown],client=[local] LOG:  connection authorized: user=postgres database=postgres application_name=pg_isready
2025-08-09 15:58:33 UTC [624]: [1-1] user=[unknown],db=[unknown],app=[unknown],client=[local] LOG:  connection received: host=[local]
2025-08-09 15:58:33 UTC [624]: [2-1] user=postgres,db=postgres,app=[unknown],client=[local] LOG:  connection authenticated: user="postgres" method=trust (/var/lib/postgresql/data/pg_hba.conf:117)
2025-08-09 15:58:33 UTC [624]: [3-1] user=postgres,db=postgres,app=[unknown],client=[local] LOG:  connection authorized: user=postgres database=postgres application_name=pg_isready
2025-08-09 16:11:06 UTC [633]: [1-1] user=[unknown],db=[unknown],app=[unknown],client=[local] LOG:  connection received: host=[local]
2025-08-09 16:11:06 UTC [633]: [2-1] user=postgres,db=postgres,app=[unknown],client=[local] LOG:  connection authenticated: user="postgres" method=trust (/var/lib/postgresql/data/pg_hba.conf:117)
2025-08-09 16:11:06 UTC [633]: [3-1] user=postgres,db=postgres,app=[unknown],client=[local] LOG:  connection authorized: user=postgres database=postgres application_name=pg_isready
2025-08-09 17:29:25 UTC [643]: [1-1] user=[unknown],db=[unknown],app=[unknown],client=[local] LOG:  connection received: host=[local]
2025-08-09 17:29:25 UTC [643]: [2-1] user=postgres,db=postgres,app=[unknown],client=[local] LOG:  connection authenticated: user="postgres" method=trust (/var/lib/postgresql/data/pg_hba.conf:117)
2025-08-09 17:29:25 UTC [643]: [3-1] user=postgres,db=postgres,app=[unknown],client=[local] LOG:  connection authorized: user=postgres database=postgres application_name=pg_isready
2025-08-09 18:12:54 UTC [652]: [1-1] user=[unknown],db=[unknown],app=[unknown],client=[local] LOG:  connection received: host=[local]
2025-08-09 18:12:54 UTC [652]: [2-1] user=postgres,db=postgres,app=[unknown],client=[local] LOG:  connection authenticated: user="postgres" method=trust (/var/lib/postgresql/data/pg_hba.conf:117)
2025-08-09 18:12:54 UTC [652]: [3-1] user=postgres,db=postgres,app=[unknown],client=[local] LOG:  connection authorized: user=postgres database=postgres application_name=pg_isready
2025-08-09 19:04:00 UTC [662]: [1-1] user=[unknown],db=[unknown],app=[unknown],client=[local] LOG:  connection received: host=[local]
2025-08-09 19:04:00 UTC [662]: [2-1] user=postgres,db=postgres,app=[unknown],client=[local] LOG:  connection authenticated: user="postgres" method=trust (/var/lib/postgresql/data/pg_hba.conf:117)
2025-08-09 19:04:00 UTC [662]: [3-1] user=postgres,db=postgres,app=[unknown],client=[local] LOG:  connection authorized: user=postgres database=postgres application_name=pg_isready
2025-08-09 19:13:54 UTC [671]: [1-1] user=[unknown],db=[unknown],app=[unknown],client=[local] LOG:  connection received: host=[local]
2025-08-09 19:13:54 UTC [671]: [2-1] user=postgres,db=postgres,app=[unknown],client=[local] LOG:  connection authenticated: user="postgres" method=trust (/var/lib/postgresql/data/pg_hba.conf:117)
2025-08-09 19:13:54 UTC [671]: [3-1] user=postgres,db=postgres,app=[unknown],client=[local] LOG:  connection authorized: user=postgres database=postgres application_name=pg_isready
2025-08-09 19:47:03 UTC [681]: [1-1] user=[unknown],db=[unknown],app=[unknown],client=[local] LOG:  connection received: host=[local]
2025-08-09 19:47:03 UTC [681]: [2-1] user=postgres,db=postgres,app=[unknown],client=[local] LOG:  connection authenticated: user="postgres" method=trust (/var/lib/postgresql/data/pg_hba.conf:117)
2025-08-09 19:47:03 UTC [681]: [3-1] user=postgres,db=postgres,app=[unknown],client=[local] LOG:  connection authorized: user=postgres database=postgres application_name=pg_isready
2025-08-09 20:35:29 UTC [690]: [1-1] user=[unknown],db=[unknown],app=[unknown],client=[local] LOG:  connection received: host=[local]
2025-08-09 20:35:29 UTC [690]: [2-1] user=postgres,db=postgres,app=[unknown],client=[local] LOG:  connection authenticated: user="postgres" method=trust (/var/lib/postgresql/data/pg_hba.conf:117)
2025-08-09 20:35:29 UTC [690]: [3-1] user=postgres,db=postgres,app=[unknown],client=[local] LOG:  connection authorized: user=postgres database=postgres application_name=pg_isready
2025-08-09 21:49:11 UTC [699]: [1-1] user=[unknown],db=[unknown],app=[unknown],client=[local] LOG:  connection received: host=[local]
2025-08-09 21:49:12 UTC [699]: [2-1] user=postgres,db=postgres,app=[unknown],client=[local] LOG:  connection authenticated: user="postgres" method=trust (/var/lib/postgresql/data/pg_hba.conf:117)
2025-08-09 21:49:12 UTC [699]: [3-1] user=postgres,db=postgres,app=[unknown],client=[local] LOG:  connection authorized: user=postgres database=postgres application_name=pg_isready
2025-08-09 22:06:19 UTC [709]: [1-1] user=[unknown],db=[unknown],app=[unknown],client=[local] LOG:  connection received: host=[local]
2025-08-09 22:06:19 UTC [709]: [2-1] user=postgres,db=postgres,app=[unknown],client=[local] LOG:  connection authenticated: user="postgres" method=trust (/var/lib/postgresql/data/pg_hba.conf:117)
2025-08-09 22:06:19 UTC [709]: [3-1] user=postgres,db=postgres,app=[unknown],client=[local] LOG:  connection authorized: user=postgres database=postgres application_name=pg_isready
2025-08-09 22:55:11 UTC [718]: [1-1] user=[unknown],db=[unknown],app=[unknown],client=[local] LOG:  connection received: host=[local]
2025-08-09 22:55:11 UTC [718]: [2-1] user=postgres,db=postgres,app=[unknown],client=[local] LOG:  connection authenticated: user="postgres" method=trust (/var/lib/postgresql/data/pg_hba.conf:117)
2025-08-09 22:55:11 UTC [718]: [3-1] user=postgres,db=postgres,app=[unknown],client=[local] LOG:  connection authorized: user=postgres database=postgres application_name=pg_isready
2025-08-09 23:26:34 UTC [727]: [1-1] user=[unknown],db=[unknown],app=[unknown],client=[local] LOG:  connection received: host=[local]
2025-08-09 23:26:34 UTC [727]: [2-1] user=postgres,db=postgres,app=[unknown],client=[local] LOG:  connection authenticated: user="postgres" method=trust (/var/lib/postgresql/data/pg_hba.conf:117)
2025-08-09 23:26:34 UTC [727]: [3-1] user=postgres,db=postgres,app=[unknown],client=[local] LOG:  connection authorized: user=postgres database=postgres application_name=pg_isready
2025-08-09 23:51:58 UTC [736]: [1-1] user=[unknown],db=[unknown],app=[unknown],client=[local] LOG:  connection received: host=[local]
2025-08-09 23:51:58 UTC [736]: [2-1] user=postgres,db=postgres,app=[unknown],client=[local] LOG:  connection authenticated: user="postgres" method=trust (/var/lib/postgresql/data/pg_hba.conf:117)
2025-08-09 23:51:58 UTC [736]: [3-1] user=postgres,db=postgres,app=[unknown],client=[local] LOG:  connection authorized: user=postgres database=postgres application_name=pg_isready
2025-08-10 00:25:21 UTC [746]: [1-1] user=[unknown],db=[unknown],app=[unknown],client=[local] LOG:  connection received: host=[local]
